2024-08-09T10:40:02.268Z - SUCCESS: Retrieved all donates
2024-08-09T10:40:05.411Z - SUCCESS: Retrieved all donates
2024-08-09T10:40:15.691Z - SUCCESS: Retrieved donates by blood type: B+
2024-08-09T10:40:22.223Z - SUCCESS: Retrieved all donates
2024-08-09T10:40:31.100Z - SUCCESS: Retrieved all donates
2024-08-09T10:40:40.401Z - SUCCESS: Retrieved all donates
2024-08-09T10:41:02.606Z - ERROR: Failed to create donate for donator ID: aaaaaaaaa
2024-08-09T10:41:02.609Z - SUCCESS: Retrieved all donates
2024-08-09T10:41:32.496Z - SUCCESS: Retrieved all donates
2024-08-09T10:41:32.510Z - SUCCESS: Created donate for donator ID: 123456789
2024-08-09T10:41:42.068Z - SUCCESS: Retrieved all donates
2024-08-09T10:41:45.760Z - SUCCESS: Retrieved donates by blood type: O+
2024-08-09T10:41:54.644Z - SUCCESS: Retrieved all donates
2024-08-09T10:41:59.096Z - SUCCESS: Exported donates to PDF
2024-08-09T10:49:49.181Z - SUCCESS: Retrieved all donates
2024-08-09T10:52:12.828Z - SUCCESS: Exported donates to PDF
2024-08-09T10:55:37.733Z - SUCCESS: Exported donates to PDF
2024-08-09T11:00:46.940Z - SUCCESS: Exported donates to PDF
2024-08-09T11:02:17.793Z - SUCCESS: Retrieved all donates
2024-08-09T11:02:29.174Z - SUCCESS: Retrieved donates by blood type: O-
2024-08-09T11:02:33.411Z - SUCCESS: Retrieved all donates
2024-08-09T11:02:35.754Z - SUCCESS: Retrieved donates by blood type: O+
2024-08-09T11:02:39.648Z - SUCCESS: Retrieved all donates
2024-08-09T11:02:53.314Z - SUCCESS: Retrieved all donates
2024-08-09T11:03:00.934Z - SUCCESS: Retrieved all donates
2024-08-09T11:03:03.540Z - SUCCESS: Retrieved donates by blood type: AB-
2024-08-09T11:03:10.722Z - SUCCESS: Retrieved all donates
2024-08-09T11:03:29.542Z - ERROR: Failed to create donate for donator ID: aaaaaaaaa
2024-08-09T11:03:29.545Z - SUCCESS: Retrieved all donates
2024-08-09T11:04:05.927Z - SUCCESS: Retrieved all donates
2024-08-09T11:04:05.932Z - SUCCESS: Created donate for donator ID: 111111111
2024-08-09T11:04:18.569Z - SUCCESS: Retrieved all donates
2024-08-09T11:04:20.781Z - SUCCESS: Exported donates to PDF
2024-08-09T11:05:12.103Z - SUCCESS: Retrieved all donates
2024-08-09T11:05:12.105Z - SUCCESS: Created donate for donator ID: 123123123
2024-08-09T11:05:17.851Z - SUCCESS: Retrieved all donates
2024-08-09T11:05:19.184Z - SUCCESS: Exported donates to PDF
2024-08-09T11:19:07.588Z - SUCCESS: Retrieved all donates
2024-08-09T11:19:15.878Z - SUCCESS: Retrieved all donates
2024-08-09T11:19:17.716Z - SUCCESS: Retrieved all donates
2024-08-11T08:58:58.622Z - SUCCESS: Retrieved donates by blood type: O-
2024-08-11T08:59:04.178Z - SUCCESS: Retrieved donates by blood type: O-
2024-08-11T09:11:23.196Z - SUCCESS: Retrieved all donates
2024-08-11T09:15:01.187Z - SUCCESS: Retrieved donates by blood type: B+
2024-08-11T09:15:03.027Z - SUCCESS: Retrieved all donates
2024-08-11T09:20:53.950Z - SUCCESS: Retrieved all donates
2024-08-11T09:21:04.488Z - SUCCESS: Retrieved all donates
2024-08-13T15:08:55.611Z - SUCCESS: Retrieved all donates
2024-08-13T15:20:08.223Z - SUCCESS: Retrieved all donates
2024-08-13T15:20:41.218Z - SUCCESS: Retrieved all donates
2024-08-13T15:20:52.056Z - SUCCESS: Retrieved all donates
2024-08-13T15:21:20.228Z - SUCCESS: Retrieved all donates
2024-08-13T15:25:11.221Z - SUCCESS: Retrieved all donates
2024-08-13T15:25:19.146Z - SUCCESS: Retrieved all donates
2024-08-13T15:26:06.916Z - SUCCESS: Retrieved all donates
2024-08-13T15:35:24.166Z - SUCCESS: Retrieved all donates
2024-08-13T15:35:38.147Z - SUCCESS: Retrieved all donates
2024-08-13T15:35:54.913Z - SUCCESS: Retrieved all donates
2024-08-13T15:35:57.989Z - SUCCESS: Retrieved all donates
2024-08-13T15:38:21.260Z - SUCCESS: Retrieved all donates
2024-08-13T15:39:14.603Z - SUCCESS: Retrieved all donates
2024-08-13T15:39:31.279Z - SUCCESS: Retrieved all donates
2024-08-13T15:41:39.430Z - SUCCESS: Retrieved all donates
2024-08-13T15:52:16.210Z - SUCCESS: Retrieved all donates
2024-08-13T16:02:05.824Z - SUCCESS: Retrieved all donates
2024-08-13T16:04:08.180Z - SUCCESS: Retrieved all donates
2024-08-14T04:41:51.654Z - SUCCESS: Retrieved all donates
2024-08-14T04:41:58.709Z - SUCCESS: Retrieved all donates
2024-08-14T05:23:17.048Z - SUCCESS: Retrieved all donates
2024-08-14T05:23:25.710Z - SUCCESS: Retrieved all donates
2024-08-14T05:23:37.637Z - SUCCESS: Retrieved all donates
2024-08-14T05:26:17.237Z - SUCCESS: Retrieved all donates
2024-08-14T05:26:22.868Z - SUCCESS: Retrieved all donates
2024-08-14T06:20:08.910Z - SUCCESS: Retrieved all donates
2024-08-14T06:20:09.958Z - SUCCESS: Retrieved all donates
2024-08-14T06:20:12.398Z - SUCCESS: Retrieved all donates
2024-08-14T06:20:17.891Z - SUCCESS: Retrieved all donates
2024-08-14T06:20:29.480Z - SUCCESS: Retrieved all donates
2024-08-16T05:24:38.658Z - SUCCESS: Retrieved all donates
2024-08-16T05:24:48.628Z - SUCCESS: Retrieved all donates
2024-08-16T06:21:00.009Z - SUCCESS: Retrieved all donates
2024-08-16T06:21:03.151Z - SUCCESS: Retrieved all donates
2024-08-16T06:21:06.835Z - SUCCESS: Retrieved all donates
2024-08-16T06:23:36.201Z - SUCCESS: Retrieved all donates
2024-08-16T06:23:38.443Z - SUCCESS: Retrieved all donates
2024-08-16T06:23:43.388Z - SUCCESS: Retrieved all donates
2024-08-16T06:23:45.203Z - SUCCESS: Retrieved all donates
2024-08-16T06:23:46.560Z - SUCCESS: Retrieved all donates
2024-08-16T06:26:23.118Z - SUCCESS: Retrieved all donates
2024-08-16T06:30:44.770Z - SUCCESS: Retrieved all donates
2024-08-16T06:30:48.063Z - SUCCESS: Retrieved all donates
2024-08-16T06:33:22.199Z - SUCCESS: Retrieved all donates
2024-08-16T06:33:25.557Z - SUCCESS: Retrieved all donates
2024-08-16T07:50:22.445Z - SUCCESS: Retrieved all donates
2024-08-16T07:50:25.555Z - SUCCESS: Retrieved donates by blood type: A-
2024-08-16T07:50:26.980Z - SUCCESS: Retrieved all donates
2024-08-16T07:50:27.768Z - SUCCESS: Retrieved donates by blood type: B+
2024-08-16T07:50:28.721Z - SUCCESS: Retrieved all donates
2024-08-16T07:50:29.591Z - SUCCESS: Retrieved donates by blood type: A-
2024-08-16T07:50:30.483Z - SUCCESS: Retrieved all donates
2024-08-16T07:50:31.015Z - SUCCESS: Retrieved donates by blood type: O-
2024-08-16T07:50:31.826Z - SUCCESS: Retrieved all donates
2024-08-16T07:50:32.515Z - SUCCESS: Retrieved donates by blood type: A-
2024-08-16T07:50:33.378Z - SUCCESS: Retrieved all donates
2024-08-16T07:50:34.503Z - SUCCESS: Retrieved donates by blood type: O+
2024-08-16T07:50:35.365Z - SUCCESS: Retrieved all donates
2024-08-16T07:50:39.186Z - SUCCESS: Retrieved donates by blood type: O-
2024-08-16T07:50:41.663Z - SUCCESS: Retrieved all donates
2024-08-16T07:50:42.858Z - SUCCESS: Retrieved donates by blood type: A+
2024-08-16T07:50:47.530Z - SUCCESS: Retrieved all donates
2024-08-16T07:50:48.513Z - SUCCESS: Retrieved all donates
2024-08-16T07:50:49.766Z - SUCCESS: Retrieved all donates
2024-08-16T12:13:34.176Z - SUCCESS: Retrieved all donates
2024-08-16T12:13:41.268Z - SUCCESS: Retrieved all donates
2024-08-16T12:18:13.188Z - SUCCESS: Retrieved all donates
2024-08-16T13:38:04.739Z - SUCCESS: Retrieved all donates
2024-08-16T13:38:09.247Z - SUCCESS: Retrieved all donates
2024-08-16T13:38:14.660Z - SUCCESS: Retrieved all donates
2024-08-16T13:38:18.953Z - SUCCESS: Retrieved all donates
2024-08-16T13:46:17.714Z - SUCCESS: Retrieved all donates
2024-08-16T13:46:29.750Z - SUCCESS: Retrieved all donates
2024-08-16T14:11:48.371Z - SUCCESS: Retrieved all donates
2024-08-16T14:13:06.774Z - SUCCESS: Retrieved all donates
2024-08-16T14:14:33.712Z - SUCCESS: Retrieved all donates
2024-08-16T14:14:37.821Z - SUCCESS: Retrieved all donates
2024-08-16T14:15:13.230Z - SUCCESS: Retrieved all donates
2024-08-16T14:24:31.006Z - SUCCESS: Retrieved all donates
2024-08-16T14:27:03.651Z - SUCCESS: Retrieved all donates
2024-08-16T14:27:16.249Z - SUCCESS: Retrieved all donates
2024-08-16T14:28:40.222Z - SUCCESS: Retrieved all donates
2024-08-16T14:28:57.793Z - SUCCESS: Retrieved all donates
2024-08-16T14:29:03.538Z - SUCCESS: Retrieved all donates
2024-08-16T14:29:04.474Z - SUCCESS: Retrieved all donates
2024-08-16T14:29:06.949Z - SUCCESS: Retrieved all donates
2024-08-16T14:33:55.884Z - SUCCESS: Retrieved all donates
2024-08-16T14:34:00.883Z - SUCCESS: Retrieved all donates
2024-08-16T14:34:11.906Z - SUCCESS: Retrieved all donates
2024-08-16T14:34:14.512Z - SUCCESS: Retrieved all donates
2024-08-16T14:34:18.614Z - SUCCESS: Retrieved all donates
2024-08-16T14:34:39.272Z - SUCCESS: Retrieved donates by blood type: O-
2024-08-16T14:34:50.425Z - SUCCESS: Retrieved all donates
2024-08-16T14:35:07.040Z - SUCCESS: Retrieved all donates
2024-08-16T14:36:04.714Z - SUCCESS: Retrieved all donates
2024-08-16T14:40:30.898Z - SUCCESS: Retrieved all donates
2024-08-16T14:49:12.508Z - SUCCESS: Retrieved all donates
2024-08-16T14:49:38.032Z - SUCCESS: Retrieved all donates
2024-08-16T14:53:22.040Z - SUCCESS: Retrieved all donates
2024-08-16T14:54:26.236Z - SUCCESS: Retrieved all donates
2024-08-16T14:56:58.802Z - SUCCESS: Retrieved all donates
2024-08-16T14:58:03.782Z - SUCCESS: Retrieved all donates
2024-08-22T16:20:55.664Z - SUCCESS: Retrieved all donates
2024-08-22T16:21:15.988Z - SUCCESS: Retrieved all donates
2024-08-22T16:21:19.228Z - SUCCESS: Retrieved all donates
2024-08-23T06:38:41.118Z - SUCCESS: Retrieved all donates
2024-08-23T06:50:14.670Z - SUCCESS: Retrieved all donates
2024-08-23T06:57:47.408Z - SUCCESS: Retrieved all donates
2024-08-23T06:58:04.804Z - SUCCESS: Retrieved all donates
2024-08-23T06:59:21.021Z - SUCCESS: Retrieved all donates
2024-08-23T06:59:27.900Z - SUCCESS: Retrieved all donates
2024-08-23T07:00:34.336Z - SUCCESS: Retrieved all donates
2024-08-23T07:00:40.233Z - SUCCESS: Retrieved all donates
2024-08-23T07:02:24.690Z - SUCCESS: Retrieved all donates
2024-08-23T07:04:50.326Z - SUCCESS: Retrieved all donates
2024-08-23T07:04:57.579Z - SUCCESS: Retrieved donates by blood type: B+
2024-08-23T07:05:00.497Z - SUCCESS: Retrieved all donates
2024-08-23T07:05:07.138Z - SUCCESS: Retrieved all donates
2024-08-23T07:05:16.741Z - SUCCESS: Retrieved all donates
2024-08-23T07:05:20.126Z - SUCCESS: Exported donates to PDF
2024-08-23T07:10:05.265Z - SUCCESS: Retrieved all donates
2024-08-23T07:14:49.943Z - SUCCESS: Retrieved all donates
2024-08-23T07:22:09.589Z - SUCCESS: Retrieved all donates
2024-08-23T07:26:11.410Z - SUCCESS: Retrieved all donates
2024-08-23T07:32:38.139Z - SUCCESS: Retrieved all donates
2024-08-23T07:34:50.423Z - SUCCESS: Retrieved all donates
2024-08-23T08:46:53.758Z - SUCCESS: Retrieved all donates
2024-08-23T08:50:20.755Z - SUCCESS: Retrieved all donates
2024-08-23T08:51:10.760Z - SUCCESS: Retrieved all donates
2024-08-23T09:15:59.385Z - SUCCESS: Retrieved all donates
2024-08-23T09:22:42.144Z - SUCCESS: Retrieved all donates
2024-08-23T09:24:05.277Z - SUCCESS: Retrieved all donates
2024-08-23T09:25:12.620Z - SUCCESS: Retrieved all donates
2024-08-23T09:35:14.525Z - SUCCESS: Retrieved all donates
2024-08-23T09:42:17.076Z - SUCCESS: Retrieved all donates
2024-08-23T09:44:23.790Z - SUCCESS: Retrieved all donates
2024-08-23T09:48:50.660Z - SUCCESS: Retrieved all donates
2024-08-23T09:50:17.824Z - SUCCESS: Retrieved all donates
2024-08-23T09:50:35.440Z - ERROR: Failed to create donate for donator ID: n
2024-08-23T09:51:21.729Z - SUCCESS: Retrieved all donates
2024-08-23T09:52:09.840Z - ERROR: Failed to create donate for donator ID: a
2024-08-23T10:29:09.689Z - SUCCESS: Retrieved all donates
2024-08-23T10:30:31.401Z - SUCCESS: Retrieved all donates
2024-08-23T10:31:32.239Z - SUCCESS: Retrieved all donates
2024-08-23T10:36:42.648Z - SUCCESS: Retrieved all donates
2024-08-23T10:36:44.320Z - SUCCESS: Retrieved donates by blood type: B+
2024-08-23T10:42:12.899Z - SUCCESS: Retrieved all donates
2024-08-23T10:42:49.892Z - SUCCESS: Retrieved all donates
2024-08-23T10:42:51.244Z - SUCCESS: Retrieved donates by blood type: B+
2024-08-23T10:42:55.148Z - SUCCESS: Retrieved all donates
2024-08-23T10:43:28.867Z - SUCCESS: Retrieved all donates
2024-08-23T10:43:31.286Z - SUCCESS: Retrieved donates by blood type: B-
2024-08-23T10:50:07.187Z - SUCCESS: Retrieved all donates
2024-08-23T10:50:45.508Z - SUCCESS: Retrieved all donates
2024-08-23T10:50:49.404Z - SUCCESS: Retrieved donates by blood type: AB+
2024-08-23T10:55:35.294Z - SUCCESS: Retrieved all donates
2024-08-23T10:55:42.250Z - SUCCESS: Retrieved all donates
2024-08-23T10:55:55.646Z - SUCCESS: Retrieved all donates
2024-08-23T10:55:57.592Z - SUCCESS: Retrieved donates by blood type: B+
2024-08-23T11:00:53.595Z - SUCCESS: Retrieved all donates
2024-08-23T11:01:31.196Z - SUCCESS: Retrieved donates by blood type: B+
2024-08-23T11:02:56.993Z - SUCCESS: Retrieved all donates
2024-08-23T11:03:06.011Z - SUCCESS: Retrieved donates by blood type: AB+
2024-08-23T11:04:40.685Z - SUCCESS: Retrieved all donates
2024-08-23T11:04:45.939Z - SUCCESS: Retrieved donates by blood type: B+
2024-08-23T11:12:04.348Z - SUCCESS: Retrieved all donates
2024-08-23T11:12:09.112Z - SUCCESS: Retrieved donates by blood type: AB+
2024-08-23T11:15:40.430Z - SUCCESS: Retrieved all donates
2024-08-23T11:15:42.751Z - SUCCESS: Retrieved donates by blood type: AB+
2024-08-23T11:24:36.921Z - SUCCESS: Retrieved all donates
2024-08-23T11:24:38.775Z - SUCCESS: Retrieved donates by blood type: B-
2024-08-23T11:24:39.992Z - SUCCESS: Retrieved all donates
2024-08-23T11:24:40.738Z - SUCCESS: Retrieved donates by blood type: AB+
2024-08-23T11:24:41.612Z - SUCCESS: Retrieved all donates
2024-08-23T11:24:42.259Z - SUCCESS: Retrieved donates by blood type: B-
2024-08-23T11:24:43.587Z - SUCCESS: Retrieved all donates
2024-08-23T11:24:45.215Z - SUCCESS: Retrieved donates by blood type: AB+
2024-08-23T11:24:46.558Z - SUCCESS: Retrieved all donates
2024-08-23T11:24:47.194Z - SUCCESS: Retrieved donates by blood type: B-
2024-08-23T11:24:49.247Z - SUCCESS: Retrieved all donates
2024-08-23T11:24:50.582Z - SUCCESS: Retrieved donates by blood type: AB+
2024-08-23T11:24:52.037Z - SUCCESS: Retrieved all donates
2024-08-23T11:24:53.094Z - SUCCESS: Retrieved donates by blood type: B-
2024-08-23T11:24:54.903Z - SUCCESS: Retrieved all donates
2024-08-23T11:24:55.625Z - SUCCESS: Retrieved donates by blood type: AB+
2024-08-23T11:24:56.478Z - SUCCESS: Retrieved all donates
2024-08-23T11:24:57.153Z - SUCCESS: Retrieved donates by blood type: B-
2024-08-23T11:25:06.170Z - SUCCESS: Retrieved all donates
2024-08-23T11:25:07.355Z - SUCCESS: Retrieved donates by blood type: B-
2024-08-23T11:25:52.030Z - SUCCESS: Retrieved all donates
2024-08-23T11:25:52.784Z - SUCCESS: Retrieved donates by blood type: B-
2024-08-23T11:25:53.590Z - SUCCESS: Retrieved all donates
2024-08-23T11:25:54.273Z - SUCCESS: Retrieved donates by blood type: AB+
2024-08-23T11:25:55.070Z - SUCCESS: Retrieved all donates
2024-08-23T11:25:55.606Z - SUCCESS: Retrieved donates by blood type: B-
2024-08-23T11:25:56.255Z - SUCCESS: Retrieved all donates
2024-08-23T11:25:56.795Z - SUCCESS: Retrieved donates by blood type: AB+
2024-08-23T11:25:57.700Z - SUCCESS: Retrieved all donates
2024-08-23T11:25:58.224Z - SUCCESS: Retrieved donates by blood type: B-
2024-08-23T11:25:58.938Z - SUCCESS: Retrieved all donates
2024-08-23T11:25:59.538Z - SUCCESS: Retrieved donates by blood type: AB+
2024-08-23T11:31:56.730Z - SUCCESS: Retrieved all donates
2024-08-23T11:31:57.713Z - SUCCESS: Retrieved donates by blood type: B-
2024-08-23T11:31:58.643Z - SUCCESS: Retrieved all donates
2024-08-23T11:31:59.256Z - SUCCESS: Retrieved donates by blood type: AB+
2024-08-23T11:32:01.095Z - SUCCESS: Retrieved all donates
2024-08-23T11:32:02.137Z - SUCCESS: Retrieved donates by blood type: B-
2024-08-23T11:32:03.092Z - SUCCESS: Retrieved all donates
2024-08-23T11:32:05.275Z - SUCCESS: Retrieved donates by blood type: B-
2024-08-23T11:32:06.186Z - SUCCESS: Retrieved all donates
2024-08-23T11:32:06.968Z - SUCCESS: Retrieved donates by blood type: AB+
2024-08-23T11:33:44.988Z - SUCCESS: Retrieved all donates
2024-08-23T11:33:46.006Z - SUCCESS: Retrieved donates by blood type: B-
2024-08-23T11:33:50.103Z - SUCCESS: Retrieved all donates
2024-08-23T11:33:50.804Z - SUCCESS: Retrieved donates by blood type: AB+
2024-08-23T11:33:56.496Z - SUCCESS: Retrieved all donates
2024-08-23T11:33:57.652Z - SUCCESS: Retrieved donates by blood type: B-
2024-08-23T11:33:58.441Z - SUCCESS: Retrieved all donates
2024-08-23T11:34:00.844Z - SUCCESS: Retrieved donates by blood type: AB+
2024-08-23T11:34:01.766Z - SUCCESS: Retrieved all donates
2024-08-23T11:34:07.095Z - SUCCESS: Retrieved donates by blood type: B-
2024-08-23T11:35:44.115Z - SUCCESS: Retrieved all donates
2024-08-23T11:35:44.936Z - SUCCESS: Retrieved donates by blood type: B-
2024-08-23T11:36:00.430Z - SUCCESS: Retrieved all donates
2024-08-23T11:36:15.491Z - SUCCESS: Retrieved all donates
2024-08-23T11:36:41.106Z - SUCCESS: Retrieved donates by blood type: O-
2024-08-23T11:36:45.733Z - SUCCESS: Retrieved all donates
2024-09-03T11:16:42.504Z - SUCCESS: Retrieved all donates
2024-09-03T11:51:56.033Z - SUCCESS: Retrieved all donates
2024-09-03T14:17:08.312Z - SUCCESS: Retrieved all donates
2024-09-03T14:53:39.879Z - SUCCESS: Retrieved all donates
2024-09-03T14:54:55.530Z - SUCCESS: Retrieved donates by blood type: B-
2024-09-03T14:54:56.874Z - SUCCESS: Retrieved all donates
2024-09-03T14:56:14.017Z - SUCCESS: Retrieved all donates
2024-09-03T14:57:30.692Z - SUCCESS: Retrieved all donates
2024-09-03T15:25:09.715Z - SUCCESS: Retrieved all donates
2024-09-03T15:49:54.758Z - SUCCESS: Retrieved all donates
2024-09-03T15:52:06.051Z - SUCCESS: Retrieved all donates
2024-09-03T15:54:25.441Z - SUCCESS: Retrieved donates by blood type: B-
2024-09-04T09:47:17.128Z - SUCCESS: Retrieved all donates
2024-09-04T09:48:03.345Z - SUCCESS: Retrieved all donates
2024-09-04T09:48:12.769Z - SUCCESS: Retrieved donates by blood type: B-
2024-09-04T09:48:15.113Z - SUCCESS: Retrieved all donates
2024-09-04T09:48:42.319Z - SUCCESS: Retrieved all donates
2024-09-04T09:49:49.453Z - SUCCESS: Retrieved all donates
2024-09-04T09:52:40.967Z - SUCCESS: Retrieved all donates
2024-09-04T09:54:53.512Z - SUCCESS: Retrieved all donates
2024-09-04T09:57:22.023Z - SUCCESS: Retrieved all donates
2024-09-04T09:58:58.964Z - SUCCESS: Retrieved all donates
2024-09-04T10:38:24.918Z - SUCCESS: Retrieved all donates
2024-09-04T10:38:58.049Z - SUCCESS: Retrieved all donates
2024-09-04T13:43:28.145Z - SUCCESS: Retrieved donates by blood type: B-
2024-09-04T13:43:31.536Z - SUCCESS: Retrieved all donates
2024-09-04T14:56:01.873Z - SUCCESS: Retrieved all donates
2024-09-04T14:57:13.177Z - SUCCESS: Retrieved all donates
2024-09-04T14:58:29.718Z - SUCCESS: Retrieved all donates
2024-09-04T14:58:37.732Z - SUCCESS: Retrieved all donates
2024-09-04T15:12:30.897Z - SUCCESS: Retrieved all donates
2024-09-04T15:45:58.319Z - SUCCESS: Retrieved all donates
2024-09-04T15:50:13.607Z - SUCCESS: Retrieved all donates
2024-09-04T15:53:17.964Z - SUCCESS: Retrieved all donates
2024-09-04T15:53:57.620Z - SUCCESS: Retrieved all donates
2024-09-04T15:54:34.083Z - SUCCESS: Retrieved all donates
2024-09-04T15:55:16.159Z - SUCCESS: Retrieved all donates
2024-09-04T16:40:31.688Z - SUCCESS: Retrieved donates by blood type: 66d8750154991c6fc743b30b
2024-09-04T16:40:37.925Z - SUCCESS: Retrieved donates by blood type: 66d8750154991c6fc743b30b
